<?xml version="1.0" encoding="UTF-8"?>
<testsuite xmlns:xsi="http://www.w3.org/2001/XMLSchema-instance" xsi:noNamespaceSchemaLocation="https://maven.apache.org/surefire/maven-surefire-plugin/xsd/surefire-test-report-3.0.xsd" version="3.0" name="TestCal" time="0.332" tests="8" errors="0" skipped="0" failures="0">
  <properties>
[...]
</properties>
  <testcase name="natural_log_true_positives" classname="TestCal" time="0.296">
    <system-out><![CDATA[
Starting test cases
Building natural logarithm true positive test cases
Ending test cases

]]></system-out>
  </testcase>
  <testcase name="square_root_false_positive" classname="TestCal" time="0">
    <system-out><![CDATA[
Starting test cases
Building square root false positive test cases
Ending test cases

]]></system-out>
  </testcase>
  <testcase name="square_root_true_positive" classname="TestCal" time="0.001">
    <system-out><![CDATA[
Starting test cases
Building square root true positive test cases
Ending test cases

]]></system-out>
  </testcase>
  <testcase name="factorial_true_positives" classname="TestCal" time="0">
    <system-out><![CDATA[
Starting test cases
Building factorial true positive test cases
Ending test cases

]]></system-out>
  </testcase>
  <testcase name="power_false_positives" classname="TestCal" time="0">
    <system-out><![CDATA[
Starting test cases
Building power false positive test cases
Ending test cases

]]></system-out>
  </testcase>
  <testcase name="natural_log_false_positives" classname="TestCal" time="0">
    <system-out><![CDATA[
Starting test cases
Building natural logarithm false positive test cases
Ending test cases

]]></system-out>
  </testcase>
  <testcase name="factorial_false_positives" classname="TestCal" time="0">
    <system-out><![CDATA[
Starting test cases
Building factorial false positive test cases
Ending test cases

]]></system-out>
  </testcase>
  <testcase name="power_true_positives" classname="TestCal" time="0">
    <system-out><![CDATA[
Starting test cases
Building power true positive test cases
Ending test cases

]]></system-out>
  </testcase>
</testsuite>